2025-12-12 12:30:55 [scrapy.utils.log] INFO: Scrapy 2.13.4 started (bot: ecommerce)
2025-12-12 12:30:55 [scrapy.utils.log] INFO: Versions:
{'lxml': '6.0.2',
 'libxml2': '2.11.9',
 'cssselect': '1.3.0',
 'parsel': '1.10.0',
 'w3lib': '2.3.1',
 'Twisted': '25.5.0',
 'Python': '3.12.1 (tags/v3.12.1:2305ca5, Dec  7 2023, 22:03:25) [MSC v.1937 '
           '64 bit (AMD64)]',
 'pyOpenSSL': '25.3.0 (OpenSSL 3.5.4 30 Sep 2025)',
 'cryptography': '46.0.3',
 'Platform': 'Windows-11-10.0.26100-SP0'}
2025-12-12 12:30:55 [scrapy.addons] INFO: Enabled addons:
[]
2025-12-12 12:30:55 [scrapy.extensions.telnet] INFO: Telnet Password: 17f0e1290f04ba70
2025-12-12 12:30:55 [scrapy.middleware] INFO: Enabled extensions:
['scrapy.extensions.corestats.CoreStats',
 'scrapy.extensions.telnet.TelnetConsole',
 'scrapy.extensions.feedexport.FeedExporter',
 'scrapy.extensions.logstats.LogStats',
 'scrapy.extensions.throttle.AutoThrottle']
2025-12-12 12:30:55 [scrapy.crawler] INFO: Overridden settings:
{'AUTOTHROTTLE_ENABLED': True,
 'BOT_NAME': 'ecommerce',
 'CONCURRENT_REQUESTS': 8,
 'CONCURRENT_REQUESTS_PER_DOMAIN': 1,
 'DOWNLOAD_DELAY': 1,
 'FEED_EXPORT_ENCODING': 'utf-8',
 'LOG_FILE': 'logs/scrapy.log',
 'LOG_LEVEL': 'INFO',
 'NEWSPIDER_MODULE': 'ecommerce.spiders',
 'ROBOTSTXT_OBEY': True,
 'SPIDER_MODULES': ['ecommerce.spiders'],
 'USER_AGENT': 'BookstoreScraper/1.0 (+http://example.com/bot)'}
2025-12-12 12:30:56 [scrapy.middleware] INFO: Enabled downloader middlewares:
['scrapy.downloadermiddlewares.offsite.OffsiteMiddleware',
 'scrapy.downloadermiddlewares.robotstxt.RobotsTxtMiddleware',
 'scrapy.downloadermiddlewares.httpauth.HttpAuthMiddleware',
 'scrapy.downloadermiddlewares.downloadtimeout.DownloadTimeoutMiddleware',
 'scrapy.downloadermiddlewares.defaultheaders.DefaultHeadersMiddleware',
 'scrapy.downloadermiddlewares.useragent.UserAgentMiddleware',
 'scrapy.downloadermiddlewares.retry.RetryMiddleware',
 'scrapy.downloadermiddlewares.redirect.MetaRefreshMiddleware',
 'scrapy.downloadermiddlewares.httpcompression.HttpCompressionMiddleware',
 'scrapy.downloadermiddlewares.redirect.RedirectMiddleware',
 'scrapy.downloadermiddlewares.cookies.CookiesMiddleware',
 'scrapy.downloadermiddlewares.httpproxy.HttpProxyMiddleware',
 'scrapy.downloadermiddlewares.stats.DownloaderStats']
2025-12-12 12:30:56 [scrapy.middleware] INFO: Enabled spider middlewares:
['scrapy.spidermiddlewares.start.StartSpiderMiddleware',
 'scrapy.spidermiddlewares.httperror.HttpErrorMiddleware',
 'scrapy.spidermiddlewares.referer.RefererMiddleware',
 'scrapy.spidermiddlewares.urllength.UrlLengthMiddleware',
 'scrapy.spidermiddlewares.depth.DepthMiddleware']
2025-12-12 12:30:56 [scrapy.middleware] INFO: Enabled item pipelines:
['ecommerce.pipelines.CleaningPipeline',
 'ecommerce.pipelines.ExcelExportPipeline']
2025-12-12 12:30:56 [scrapy.core.engine] INFO: Spider opened
2025-12-12 12:30:56 [scrapy.extensions.logstats] INFO: Crawled 0 pages (at 0 pages/min), scraped 0 items (at 0 items/min)
2025-12-12 12:30:56 [scrapy.extensions.telnet] INFO: Telnet console listening on 127.0.0.1:6023
2025-12-12 12:31:56 [scrapy.extensions.logstats] INFO: Crawled 40 pages (at 40 pages/min), scraped 33 items (at 33 items/min)
2025-12-12 12:32:56 [scrapy.extensions.logstats] INFO: Crawled 91 pages (at 51 pages/min), scraped 79 items (at 46 items/min)
2025-12-12 12:33:56 [scrapy.extensions.logstats] INFO: Crawled 141 pages (at 50 pages/min), scraped 123 items (at 44 items/min)
2025-12-12 12:34:56 [scrapy.extensions.logstats] INFO: Crawled 192 pages (at 51 pages/min), scraped 168 items (at 45 items/min)
2025-12-12 12:35:56 [scrapy.extensions.logstats] INFO: Crawled 240 pages (at 48 pages/min), scraped 211 items (at 43 items/min)
2025-12-12 12:36:56 [scrapy.extensions.logstats] INFO: Crawled 290 pages (at 50 pages/min), scraped 256 items (at 45 items/min)
2025-12-12 12:37:56 [scrapy.extensions.logstats] INFO: Crawled 340 pages (at 50 pages/min), scraped 300 items (at 44 items/min)
2025-12-12 12:38:56 [scrapy.extensions.logstats] INFO: Crawled 388 pages (at 48 pages/min), scraped 343 items (at 43 items/min)
2025-12-12 12:39:56 [scrapy.extensions.logstats] INFO: Crawled 437 pages (at 49 pages/min), scraped 386 items (at 43 items/min)
2025-12-12 12:40:56 [scrapy.extensions.logstats] INFO: Crawled 484 pages (at 47 pages/min), scraped 433 items (at 47 items/min)
2025-12-12 12:41:56 [scrapy.extensions.logstats] INFO: Crawled 531 pages (at 47 pages/min), scraped 480 items (at 47 items/min)
2025-12-12 12:42:56 [scrapy.extensions.logstats] INFO: Crawled 580 pages (at 49 pages/min), scraped 529 items (at 49 items/min)
2025-12-12 12:43:56 [scrapy.extensions.logstats] INFO: Crawled 629 pages (at 49 pages/min), scraped 578 items (at 49 items/min)
2025-12-12 12:44:56 [scrapy.extensions.logstats] INFO: Crawled 678 pages (at 49 pages/min), scraped 627 items (at 49 items/min)
2025-12-12 12:45:56 [scrapy.extensions.logstats] INFO: Crawled 727 pages (at 49 pages/min), scraped 675 items (at 48 items/min)
2025-12-12 12:46:56 [scrapy.extensions.logstats] INFO: Crawled 776 pages (at 49 pages/min), scraped 725 items (at 50 items/min)
2025-12-12 12:47:56 [scrapy.extensions.logstats] INFO: Crawled 826 pages (at 50 pages/min), scraped 774 items (at 49 items/min)
2025-12-12 12:48:56 [scrapy.extensions.logstats] INFO: Crawled 875 pages (at 49 pages/min), scraped 824 items (at 50 items/min)
2025-12-12 12:49:56 [scrapy.extensions.logstats] INFO: Crawled 924 pages (at 49 pages/min), scraped 873 items (at 49 items/min)
2025-12-12 12:50:56 [scrapy.extensions.logstats] INFO: Crawled 976 pages (at 52 pages/min), scraped 925 items (at 52 items/min)
2025-12-12 12:51:56 [scrapy.extensions.logstats] INFO: Crawled 1024 pages (at 48 pages/min), scraped 973 items (at 48 items/min)
2025-12-12 12:52:29 [scrapy.core.engine] INFO: Closing spider (finished)
2025-12-12 12:52:30 [books] INFO:  Export Excel : 1000 livres
2025-12-12 12:52:30 [scrapy.extensions.feedexport] INFO: Stored json feed (1000 items) in: data/books.json
2025-12-12 12:52:30 [scrapy.statscollectors] INFO: Dumping Scrapy stats:
{'downloader/request_bytes': 367214,
 'downloader/request_count': 1051,
 'downloader/request_method_count/GET': 1051,
 'downloader/response_bytes': 22195383,
 'downloader/response_count': 1051,
 'downloader/response_status_count/200': 1050,
 'downloader/response_status_count/404': 1,
 'elapsed_time_seconds': 1293.663836,
 'feedexport/success_count/FileFeedStorage': 1,
 'finish_reason': 'finished',
 'finish_time': datetime.datetime(2025, 12, 12, 11, 52, 30, 96404, tzinfo=datetime.timezone.utc),
 'item_scraped_count': 1000,
 'items_per_minute': 46.403712296983755,
 'log_count/INFO': 33,
 'request_depth_max': 50,
 'response_received_count': 1051,
 'responses_per_minute': 48.77030162412993,
 'robotstxt/request_count': 1,
 'robotstxt/response_count': 1,
 'robotstxt/response_status_count/404': 1,
 'scheduler/dequeued': 1050,
 'scheduler/dequeued/memory': 1050,
 'scheduler/enqueued': 1050,
 'scheduler/enqueued/memory': 1050,
 'start_time': datetime.datetime(2025, 12, 12, 11, 30, 56, 432568, tzinfo=datetime.timezone.utc)}
2025-12-12 12:52:30 [scrapy.core.engine] INFO: Spider closed (finished)
